c:\users\ashley\source\repos\serpiente_y_raton\x64\debug\vc141.pdb
c:\users\ashley\source\repos\serpiente_y_raton\x64\debug\vc141.idb
c:\users\ashley\source\repos\serpiente_y_raton\x64\debug\nut.obj
c:\users\ashley\source\repos\serpiente_y_raton\x64\debug\game.obj
c:\users\ashley\source\repos\serpiente_y_raton\x64\debug\hole.obj
c:\users\ashley\source\repos\serpiente_y_raton\x64\debug\userinterface.obj
c:\users\ashley\source\repos\serpiente_y_raton\x64\debug\mouse.obj
c:\users\ashley\source\repos\serpiente_y_raton\x64\debug\randomnumbergenerator.obj
c:\users\ashley\source\repos\serpiente_y_raton\x64\debug\snake.obj
c:\users\ashley\source\repos\serpiente_y_raton\x64\debug\__mainapplication.obj
c:\users\ashley\source\repos\serpiente_y_raton\x64\debug\underground.obj
c:\users\ashley\source\repos\serpiente_y_raton\x64\debug\oopproject.pdb
c:\users\ashley\source\repos\serpiente_y_raton\x64\debug\oopproject.tlog\cl.command.1.tlog
c:\users\ashley\source\repos\serpiente_y_raton\x64\debug\oopproject.tlog\cl.read.1.tlog
c:\users\ashley\source\repos\serpiente_y_raton\x64\debug\oopproject.tlog\cl.write.1.tlog
c:\users\ashley\source\repos\serpiente_y_raton\x64\debug\oopproject.tlog\link-cvtres.read.1.tlog
c:\users\ashley\source\repos\serpiente_y_raton\x64\debug\oopproject.tlog\link-cvtres.write.1.tlog
c:\users\ashley\source\repos\serpiente_y_raton\x64\debug\oopproject.tlog\link-rc.read.1.tlog
c:\users\ashley\source\repos\serpiente_y_raton\x64\debug\oopproject.tlog\link-rc.write.1.tlog
c:\users\ashley\source\repos\serpiente_y_raton\x64\debug\oopproject.tlog\link.536-cvtres.read.1.tlog
c:\users\ashley\source\repos\serpiente_y_raton\x64\debug\oopproject.tlog\link.536-cvtres.write.1.tlog
c:\users\ashley\source\repos\serpiente_y_raton\x64\debug\oopproject.tlog\link.536-rc.read.1.tlog
c:\users\ashley\source\repos\serpiente_y_raton\x64\debug\oopproject.tlog\link.536-rc.write.1.tlog
c:\users\ashley\source\repos\serpiente_y_raton\x64\debug\oopproject.tlog\link.536.read.1.tlog
c:\users\ashley\source\repos\serpiente_y_raton\x64\debug\oopproject.tlog\link.536.write.1.tlog
c:\users\ashley\source\repos\serpiente_y_raton\x64\debug\oopproject.tlog\link.command.1.tlog
c:\users\ashley\source\repos\serpiente_y_raton\x64\debug\oopproject.tlog\link.read.1.tlog
c:\users\ashley\source\repos\serpiente_y_raton\x64\debug\oopproject.tlog\link.write.1.tlog
